TN:
SF:C:\Users\Sebas\Desktop\UdeM\V_y_VI\code\EntregaPetBook-S\EntregaPetBook-S\src\polyfills.ts
FNF:0
FNH:0
LF:0
LH:0
BRF:0
BRH:0
end_of_record
TN:
SF:C:\Users\Sebas\Desktop\UdeM\V_y_VI\code\EntregaPetBook-S\EntregaPetBook-S\src\test.ts
FNF:0
FNH:0
DA:18,1
DA:23,1
DA:25,1
LF:3
LH:3
BRF:0
BRH:0
end_of_record
TN:
SF:C:\Users\Sebas\Desktop\UdeM\V_y_VI\code\EntregaPetBook-S\EntregaPetBook-S\src\app\app.component.ts
FNF:0
FNH:0
DA:8,1
DA:9,4
LF:2
LH:2
BRF:0
BRH:0
end_of_record
TN:
SF:C:\Users\Sebas\Desktop\UdeM\V_y_VI\code\EntregaPetBook-S\EntregaPetBook-S\src\app\filterimages.pipe.ts
FN:7,(anonymous_0)
FN:9,(anonymous_1)
FNF:2
FNH:1
FNDA:1,(anonymous_0)
FNDA:0,(anonymous_1)
DA:6,1
DA:8,1
DA:9,0
DA:10,0
LF:4
LH:2
BRDA:8,0,0,1
BRDA:8,0,1,0
BRF:2
BRH:1
end_of_record
TN:
SF:C:\Users\Sebas\Desktop\UdeM\V_y_VI\code\EntregaPetBook-S\EntregaPetBook-S\src\app\image.service.ts
FN:6,(anonymous_1)
FN:10,(anonymous_2)
FN:11,(anonymous_3)
FNF:3
FNH:3
FNDA:1,(anonymous_1)
FNDA:3,(anonymous_2)
FNDA:9,(anonymous_3)
DA:3,1
DA:4,5
DA:7,1
DA:11,9
DA:14,1
LF:5
LH:5
BRF:0
BRH:0
end_of_record
TN:
SF:C:\Users\Sebas\Desktop\UdeM\V_y_VI\code\EntregaPetBook-S\EntregaPetBook-S\src\app\image-description\image-description.component.ts
FN:10,(anonymous_0)
FN:12,(anonymous_1)
FNF:2
FNH:0
FNDA:0,(anonymous_0)
FNDA:0,(anonymous_1)
DA:8,1
LF:1
LH:1
BRF:0
BRH:0
end_of_record
TN:
SF:C:\Users\Sebas\Desktop\UdeM\V_y_VI\code\EntregaPetBook-S\EntregaPetBook-S\src\app\image-details\image-details.component.ts
FN:12,(anonymous_0)
FN:15,(anonymous_1)
FNF:2
FNH:2
FNDA:3,(anonymous_0)
FNDA:3,(anonymous_1)
DA:9,1
DA:12,3
DA:13,3
DA:16,3
LF:4
LH:4
BRF:0
BRH:0
end_of_record
TN:
SF:C:\Users\Sebas\Desktop\UdeM\V_y_VI\code\EntregaPetBook-S\EntregaPetBook-S\src\app\image-gallery\image-gallery.component.ts
FN:15,(anonymous_0)
FN:18,(anonymous_1)
FNF:2
FNH:1
FNDA:1,(anonymous_0)
FNDA:0,(anonymous_1)
DA:10,1
DA:12,1
DA:13,1
DA:15,1
DA:16,1
DA:19,0
LF:6
LH:5
BRF:0
BRH:0
end_of_record
